[debug] [2022-08-23T14:55:45.281Z] ----------------------------------------------------------------------
[debug] [2022-08-23T14:55:45.283Z] Command:       C:\Program Files\nodejs\node.exe C:\Users\codo4\OneDrive\Documents\Rips\React-Native\MealsToGo\functions\node_modules\firebase-tools\lib\bin\firebase.js emulators:start --only functions
[debug] [2022-08-23T14:55:45.284Z] CLI Version:   11.8.0
[debug] [2022-08-23T14:55:45.284Z] Platform:      win32
[debug] [2022-08-23T14:55:45.284Z] Node Version:  v16.13.1
[debug] [2022-08-23T14:55:45.285Z] Time:          Tue Aug 23 2022 17:55:45 GMT+0300 (Israel Daylight Time)
[debug] [2022-08-23T14:55:45.285Z] ----------------------------------------------------------------------
[debug] 
[debug] [2022-08-23T14:55:45.385Z] > command requires scopes: ["email","openid","https://www.googleapis.com/auth/cloudplatformprojects.readonly","https://www.googleapis.com/auth/firebase","https://www.googleapis.com/auth/cloud-platform"]
[debug] [2022-08-23T14:55:45.386Z] > authorizing via signed-in user (codo47@gmail.com)
[info] i  emulators: Starting emulators: functions {"metadata":{"emulator":{"name":"hub"},"message":"Starting emulators: functions"}}
[warn] !  emulators: It seems that you are running multiple instances of the emulator suite for project mealstogo-mrs. This may result in unexpected behavior. 
[debug] [2022-08-23T14:55:45.408Z] [hub] writing locator at C:\Users\codo4\AppData\Local\Temp\hub-mealstogo-mrs.json
[warn] !  functions: The following emulators are not running, calls to these services from the Functions emulator will affect production: auth, firestore, database, hosting, pubsub, storage, eventarc {"metadata":{"emulator":{"name":"functions"},"message":"The following emulators are not running, calls to these services from the Functions emulator will affect production: \u001b[1mauth, firestore, database, hosting, pubsub, storage, eventarc\u001b[22m"}}
[info] +  functions: Using node@16 from host. {"metadata":{"emulator":{"name":"functions"},"message":"Using node@16 from host."}}
[debug] [2022-08-23T14:55:45.452Z] defaultcredentials: writing to file C:\Users\codo4\AppData\Roaming\firebase\codo47_gmail_com_application_default_credentials.json
[debug] [2022-08-23T14:55:45.454Z] Setting GAC to C:\Users\codo4\AppData\Roaming\firebase\codo47_gmail_com_application_default_credentials.json {"metadata":{"emulator":{"name":"functions"},"message":"Setting GAC to C:\\Users\\codo4\\AppData\\Roaming\\firebase\\codo47_gmail_com_application_default_credentials.json"}}
[debug] [2022-08-23T14:55:45.457Z] >>> [apiv2][query] GET https://firebase.googleapis.com/v1beta1/projects/mealstogo-mrs/adminSdkConfig [none]
[debug] [2022-08-23T14:55:47.826Z] <<< [apiv2][status] GET https://firebase.googleapis.com/v1beta1/projects/mealstogo-mrs/adminSdkConfig 200
[debug] [2022-08-23T14:55:47.826Z] <<< [apiv2][body] GET https://firebase.googleapis.com/v1beta1/projects/mealstogo-mrs/adminSdkConfig {"projectId":"mealstogo-mrs","storageBucket":"mealstogo-mrs.appspot.com"}
[warn] !  ui: Emulator UI unable to start on port 4000, starting on 4003 instead. {"metadata":{"emulator":{"name":"ui"},"message":"Emulator UI unable to start on port 4000, starting on 4003 instead."}}
[debug] [2022-08-23T14:55:47.875Z] Ignoring unsupported arg: auto_download {"metadata":{"emulator":{"name":"ui"},"message":"Ignoring unsupported arg: auto_download"}}
[debug] [2022-08-23T14:55:47.875Z] Ignoring unsupported arg: port {"metadata":{"emulator":{"name":"ui"},"message":"Ignoring unsupported arg: port"}}
[debug] [2022-08-23T14:55:47.875Z] Starting Emulator UI with command {"binary":"node","args":["C:\\Users\\codo4\\.cache\\firebase\\emulators\\ui-v1.9.0\\server\\server.js"],"optionalArgs":[],"joinArgs":false} {"metadata":{"emulator":{"name":"ui"},"message":"Starting Emulator UI with command {\"binary\":\"node\",\"args\":[\"C:\\\\Users\\\\codo4\\\\.cache\\\\firebase\\\\emulators\\\\ui-v1.9.0\\\\server\\\\server.js\"],\"optionalArgs\":[],\"joinArgs\":false}"}}
[info] i  ui: Emulator UI logging to ui-debug.log {"metadata":{"emulator":{"name":"ui"},"message":"Emulator UI logging to \u001b[1mui-debug.log\u001b[22m"}}
[debug] [2022-08-23T14:55:48.082Z] Web / API server started at localhost:4003
 {"metadata":{"emulator":{"name":"ui"},"message":"Web / API server started at localhost:4003\n"}}
[info] i  functions: Watching "C:\Users\codo4\OneDrive\Documents\Rips\React-Native\MealsToGo\functions" for Cloud Functions... {"metadata":{"emulator":{"name":"functions"},"message":"Watching \"C:\\Users\\codo4\\OneDrive\\Documents\\Rips\\React-Native\\MealsToGo\\functions\" for Cloud Functions..."}}
[debug] [2022-08-23T14:55:48.160Z] Validating nodejs source
[debug] [2022-08-23T14:55:50.473Z] > [functions] package.json contents: {
  "name": "functions",
  "description": "Cloud Functions for Firebase",
  "scripts": {
    "serve": "firebase emulators:start --only functions",
    "shell": "firebase functions:shell",
    "start": "npm run shell",
    "deploy": "firebase deploy --only functions",
    "logs": "firebase functions:log"
  },
  "engines": {
    "node": "16"
  },
  "main": "index.js",
  "dependencies": {
    "@googlemaps/google-maps-services-js": "^3.3.16",
    "firebase": "8.2.3",
    "firebase-admin": "^10.0.2",
    "firebase-functions": "^3.18.0",
    "firebase-tools": "11.8.0"
  },
  "devDependencies": {
    "firebase-functions-test": "^0.2.0"
  },
  "private": true
}
[debug] [2022-08-23T14:55:50.474Z] Building nodejs source
[debug] [2022-08-23T14:55:50.474Z] Analyzing nodejs backend spec
[debug] [2022-08-23T14:55:50.475Z] Could not find functions.yaml. Must use http discovery
[debug] [2022-08-23T14:55:50.769Z] Serving at port 9005

[debug] [2022-08-23T14:55:50.975Z] Got response from /__/functions.yaml {"endpoints":{"geocode":{"platform":"gcfv1","httpsTrigger":{},"entryPoint":"geocode"},"placesNearby":{"platform":"gcfv1","httpsTrigger":{},"entryPoint":"placesNearby"}},"specVersion":"v1alpha1","requiredAPIs":[]}
[debug] [2022-08-23T14:55:50.986Z] shutdown requested via /__/quitquitquit

[info] +  functions: Loaded functions definitions from source: geocode, placesNearby. {"metadata":{"emulator":{"name":"functions"},"message":"Loaded functions definitions from source: geocode, placesNearby."}}
[info] +  functions[us-central1-geocode]: http function initialized (http://localhost:5001/mealstogo-mrs/us-central1/geocode). {"metadata":{"emulator":{"name":"functions"},"message":"\u001b[1mhttp\u001b[22m function initialized (http://localhost:5001/mealstogo-mrs/us-central1/geocode)."}}
[info] +  functions[us-central1-placesNearby]: http function initialized (http://localhost:5001/mealstogo-mrs/us-central1/placesNearby). {"metadata":{"emulator":{"name":"functions"},"message":"\u001b[1mhttp\u001b[22m function initialized (http://localhost:5001/mealstogo-mrs/us-central1/placesNearby)."}}
[info] 
┌─────────────────────────────────────────────────────────────┐
│ ✔  All emulators ready! It is now safe to connect your app. │
│ i  View Emulator UI at http://localhost:4003                │
└─────────────────────────────────────────────────────────────┘

┌───────────┬────────────────┬─────────────────────────────────┐
│ Emulator  │ Host:Port      │ View in Emulator UI             │
├───────────┼────────────────┼─────────────────────────────────┤
│ Functions │ localhost:5001 │ http://localhost:4003/functions │
└───────────┴────────────────┴─────────────────────────────────┘
  Emulator Hub running at localhost:4400
  Other reserved ports: 4500

Issues? Report them at https://github.com/firebase/firebase-tools/issues and attach the *-debug.log files.
 
[debug] [2022-08-23T14:55:56.781Z] [work-queue] {"queueLength":1,"workRunningCount":0}
[debug] [2022-08-23T14:55:56.782Z] [work-queue] {"queueLength":0,"workRunningCount":1}
[debug] [2022-08-23T14:55:56.783Z] Accepted request GET /mealstogo-mrs/us-central1/geocode?city=toronto&mock=false --> us-central1-geocode
[debug] [2022-08-23T14:55:56.801Z] [worker-pool] addWorker(us-central1-geocode) {"metadata":{"emulator":{"name":"functions"},"message":"[worker-pool] addWorker(us-central1-geocode)"}}
[debug] [2022-08-23T14:55:56.801Z] [worker-pool] Adding worker with key us-central1-geocode, total=1 {"metadata":{"emulator":{"name":"functions"},"message":"[worker-pool] Adding worker with key us-central1-geocode, total=1"}}
[debug] [2022-08-23T14:55:56.802Z] [worker-pool] submitWork(triggerId=us-central1-geocode) {"metadata":{"emulator":{"name":"functions"},"message":"[worker-pool] submitWork(triggerId=us-central1-geocode)"}}
[debug] [2022-08-23T14:55:56.803Z] [worker-us-central1-geocode-28d20719-84d8-4e72-a949-75ff99f2fb11]: BUSY {"metadata":{"emulator":{"name":"functions"},"message":"[worker-us-central1-geocode-28d20719-84d8-4e72-a949-75ff99f2fb11]: BUSY"}}
[debug] [2022-08-23T14:55:58.444Z] [runtime-status] [15168] Resolved module firebase-admin {"declared":true,"installed":true,"version":"10.3.0","resolution":"C:\\Users\\codo4\\OneDrive\\Documents\\Rips\\React-Native\\MealsToGo\\functions\\node_modules\\firebase-admin\\lib\\index.js"} {"metadata":{"emulator":{"name":"functions"},"function":{"name":"us-central1-geocode"},"extension":{},"message":"[runtime-status] [15168] Resolved module firebase-admin {\"declared\":true,\"installed\":true,\"version\":\"10.3.0\",\"resolution\":\"C:\\\\Users\\\\codo4\\\\OneDrive\\\\Documents\\\\Rips\\\\React-Native\\\\MealsToGo\\\\functions\\\\node_modules\\\\firebase-admin\\\\lib\\\\index.js\"}"}}
[debug] [2022-08-23T14:55:58.445Z] [runtime-status] [15168] Resolved module firebase-functions {"declared":true,"installed":true,"version":"3.22.0","resolution":"C:\\Users\\codo4\\OneDrive\\Documents\\Rips\\React-Native\\MealsToGo\\functions\\node_modules\\firebase-functions\\lib\\index.js"} {"metadata":{"emulator":{"name":"functions"},"function":{"name":"us-central1-geocode"},"extension":{},"message":"[runtime-status] [15168] Resolved module firebase-functions {\"declared\":true,\"installed\":true,\"version\":\"3.22.0\",\"resolution\":\"C:\\\\Users\\\\codo4\\\\OneDrive\\\\Documents\\\\Rips\\\\React-Native\\\\MealsToGo\\\\functions\\\\node_modules\\\\firebase-functions\\\\lib\\\\index.js\"}"}}
[debug] [2022-08-23T14:55:58.446Z] [runtime-status] [15168] Found local functions config: C:\Users\codo4\OneDrive\Documents\Rips\React-Native\MealsToGo\functions/.runtimeconfig.json {"metadata":{"emulator":{"name":"functions"},"function":{"name":"us-central1-geocode"},"extension":{},"message":"[runtime-status] [15168] Found local functions config: C:\\Users\\codo4\\OneDrive\\Documents\\Rips\\React-Native\\MealsToGo\\functions/.runtimeconfig.json"}}
[debug] [2022-08-23T14:55:58.446Z] [runtime-status] [15168] Outgoing network have been stubbed. [{"name":"http","status":"mocked"},{"name":"http","status":"mocked"},{"name":"https","status":"mocked"},{"name":"https","status":"mocked"},{"name":"net","status":"mocked"}] {"metadata":{"emulator":{"name":"functions"},"function":{"name":"us-central1-geocode"},"extension":{},"message":"[runtime-status] [15168] Outgoing network have been stubbed. [{\"name\":\"http\",\"status\":\"mocked\"},{\"name\":\"http\",\"status\":\"mocked\"},{\"name\":\"https\",\"status\":\"mocked\"},{\"name\":\"https\",\"status\":\"mocked\"},{\"name\":\"net\",\"status\":\"mocked\"}]"}}
[debug] [2022-08-23T14:55:58.447Z] [runtime-status] [15168] Resolved module firebase-functions {"declared":true,"installed":true,"version":"3.22.0","resolution":"C:\\Users\\codo4\\OneDrive\\Documents\\Rips\\React-Native\\MealsToGo\\functions\\node_modules\\firebase-functions\\lib\\index.js"} {"metadata":{"emulator":{"name":"functions"},"function":{"name":"us-central1-geocode"},"extension":{},"message":"[runtime-status] [15168] Resolved module firebase-functions {\"declared\":true,\"installed\":true,\"version\":\"3.22.0\",\"resolution\":\"C:\\\\Users\\\\codo4\\\\OneDrive\\\\Documents\\\\Rips\\\\React-Native\\\\MealsToGo\\\\functions\\\\node_modules\\\\firebase-functions\\\\lib\\\\index.js\"}"}}
[debug] [2022-08-23T14:55:58.493Z] [runtime-status] [15168] Checked functions.config() {"config":{"google":{"key":"AIzaSyDmt-UmvFaL0KWLm03_781LLzvmbOGRQ84"}}} {"metadata":{"emulator":{"name":"functions"},"function":{"name":"us-central1-geocode"},"extension":{},"message":"[runtime-status] [15168] Checked functions.config() {\"config\":{\"google\":{\"key\":\"AIzaSyDmt-UmvFaL0KWLm03_781LLzvmbOGRQ84\"}}}"}}
[debug] [2022-08-23T14:55:58.493Z] [runtime-status] [15168] firebase-functions has been stubbed. {"functionsResolution":{"declared":true,"installed":true,"version":"3.22.0","resolution":"C:\\Users\\codo4\\OneDrive\\Documents\\Rips\\React-Native\\MealsToGo\\functions\\node_modules\\firebase-functions\\lib\\index.js"}} {"metadata":{"emulator":{"name":"functions"},"function":{"name":"us-central1-geocode"},"extension":{},"message":"[runtime-status] [15168] firebase-functions has been stubbed. {\"functionsResolution\":{\"declared\":true,\"installed\":true,\"version\":\"3.22.0\",\"resolution\":\"C:\\\\Users\\\\codo4\\\\OneDrive\\\\Documents\\\\Rips\\\\React-Native\\\\MealsToGo\\\\functions\\\\node_modules\\\\firebase-functions\\\\lib\\\\index.js\"}}"}}
[debug] [2022-08-23T14:55:58.494Z] [runtime-status] [15168] Resolved module firebase-functions {"declared":true,"installed":true,"version":"3.22.0","resolution":"C:\\Users\\codo4\\OneDrive\\Documents\\Rips\\React-Native\\MealsToGo\\functions\\node_modules\\firebase-functions\\lib\\index.js"} {"metadata":{"emulator":{"name":"functions"},"function":{"name":"us-central1-geocode"},"extension":{},"message":"[runtime-status] [15168] Resolved module firebase-functions {\"declared\":true,\"installed\":true,\"version\":\"3.22.0\",\"resolution\":\"C:\\\\Users\\\\codo4\\\\OneDrive\\\\Documents\\\\Rips\\\\React-Native\\\\MealsToGo\\\\functions\\\\node_modules\\\\firebase-functions\\\\lib\\\\index.js\"}"}}
[debug] [2022-08-23T14:55:58.496Z] [runtime-status] [15168] Resolved module firebase-admin {"declared":true,"installed":true,"version":"10.3.0","resolution":"C:\\Users\\codo4\\OneDrive\\Documents\\Rips\\React-Native\\MealsToGo\\functions\\node_modules\\firebase-admin\\lib\\index.js"} {"metadata":{"emulator":{"name":"functions"},"function":{"name":"us-central1-geocode"},"extension":{},"message":"[runtime-status] [15168] Resolved module firebase-admin {\"declared\":true,\"installed\":true,\"version\":\"10.3.0\",\"resolution\":\"C:\\\\Users\\\\codo4\\\\OneDrive\\\\Documents\\\\Rips\\\\React-Native\\\\MealsToGo\\\\functions\\\\node_modules\\\\firebase-admin\\\\lib\\\\index.js\"}"}}
[debug] [2022-08-23T14:55:58.497Z] [runtime-status] [15168] Resolved module firebase-functions {"declared":true,"installed":true,"version":"3.22.0","resolution":"C:\\Users\\codo4\\OneDrive\\Documents\\Rips\\React-Native\\MealsToGo\\functions\\node_modules\\firebase-functions\\lib\\index.js"} {"metadata":{"emulator":{"name":"functions"},"function":{"name":"us-central1-geocode"},"extension":{},"message":"[runtime-status] [15168] Resolved module firebase-functions {\"declared\":true,\"installed\":true,\"version\":\"3.22.0\",\"resolution\":\"C:\\\\Users\\\\codo4\\\\OneDrive\\\\Documents\\\\Rips\\\\React-Native\\\\MealsToGo\\\\functions\\\\node_modules\\\\firebase-functions\\\\lib\\\\index.js\"}"}}
[debug] [2022-08-23T14:55:58.497Z] [runtime-status] [15168] firebase-admin has been stubbed. {"adminResolution":{"declared":true,"installed":true,"version":"10.3.0","resolution":"C:\\Users\\codo4\\OneDrive\\Documents\\Rips\\React-Native\\MealsToGo\\functions\\node_modules\\firebase-admin\\lib\\index.js"}} {"metadata":{"emulator":{"name":"functions"},"function":{"name":"us-central1-geocode"},"extension":{},"message":"[runtime-status] [15168] firebase-admin has been stubbed. {\"adminResolution\":{\"declared\":true,\"installed\":true,\"version\":\"10.3.0\",\"resolution\":\"C:\\\\Users\\\\codo4\\\\OneDrive\\\\Documents\\\\Rips\\\\React-Native\\\\MealsToGo\\\\functions\\\\node_modules\\\\firebase-admin\\\\lib\\\\index.js\"}}"}}
[debug] [2022-08-23T14:55:58.497Z] [runtime-status] [15168] Functions runtime initialized. {"cwd":"C:\\Users\\codo4\\OneDrive\\Documents\\Rips\\React-Native\\MealsToGo\\functions","node_version":"16.13.1"} {"metadata":{"emulator":{"name":"functions"},"function":{"name":"us-central1-geocode"},"extension":{},"message":"[runtime-status] [15168] Functions runtime initialized. {\"cwd\":\"C:\\\\Users\\\\codo4\\\\OneDrive\\\\Documents\\\\Rips\\\\React-Native\\\\MealsToGo\\\\functions\",\"node_version\":\"16.13.1\"}"}}
[debug] [2022-08-23T14:55:58.593Z] [runtime-status] [15168] Beginning invocation function geocode! {"metadata":{"emulator":{"name":"functions"},"function":{"name":"us-central1-geocode"},"extension":{},"message":"[runtime-status] [15168] Beginning invocation function geocode!"}}
[info] i  functions: Beginning execution of "geocode" {"metadata":{"emulator":{"name":"functions"},"function":{"name":"us-central1-geocode"},"extension":{},"message":"Beginning execution of \"geocode\""}}
[debug] [2022-08-23T14:55:58.594Z] [runtime-status] [15168] Running geocode in signature http {"metadata":{"emulator":{"name":"functions"},"function":{"name":"us-central1-geocode"},"extension":{},"message":"[runtime-status] [15168] Running geocode in signature http"}}
[debug] [2022-08-23T14:55:58.599Z] [runtime-status] [15168] Listening to port: \\?\pipe\fire_emu_b4bb9d4a1bfc5e1b {"metadata":{"emulator":{"name":"functions"},"function":{"name":"us-central1-geocode"},"extension":{},"message":"[runtime-status] [15168] Listening to port: \\\\?\\pipe\\fire_emu_b4bb9d4a1bfc5e1b"}}
[debug] [2022-08-23T14:55:58.703Z] [functions] Runtime ready! Sending request! {"metadata":{"emulator":{"name":"functions"},"message":"[functions] Runtime ready! Sending request!"}}
[debug] [2022-08-23T14:55:58.704Z] [functions] Got req.url=/mealstogo-mrs/us-central1/geocode?city=toronto&mock=false, mapping to path=/?city=toronto&mock=false {"metadata":{"emulator":{"name":"functions"},"message":"[functions] Got req.url=/mealstogo-mrs/us-central1/geocode?city=toronto&mock=false, mapping to path=/?city=toronto&mock=false"}}
[debug] [2022-08-23T14:55:58.710Z] [runtime-status] [15168] Ephemeral server handling GET request {"metadata":{"emulator":{"name":"functions"},"function":{"name":"us-central1-geocode"},"extension":{},"message":"[runtime-status] [15168] Ephemeral server handling GET request"}}
[debug] [2022-08-23T14:55:58.746Z] [runtime-status] [15168] Ephemeral server survived. {"metadata":{"emulator":{"name":"functions"},"function":{"name":"us-central1-geocode"},"extension":{},"message":"[runtime-status] [15168] Ephemeral server survived."}}
[info] i  functions: Finished "geocode" in ~1s {"metadata":{"emulator":{"name":"functions"},"function":{"name":"us-central1-geocode"},"extension":{},"message":"Finished \"geocode\" in ~1s"}}
[debug] [2022-08-23T14:55:59.063Z] [worker-us-central1-geocode-28d20719-84d8-4e72-a949-75ff99f2fb11]: IDLE {"metadata":{"emulator":{"name":"functions"},"message":"[worker-us-central1-geocode-28d20719-84d8-4e72-a949-75ff99f2fb11]: IDLE"}}
[debug] [2022-08-23T14:55:59.064Z] [work-queue] {"queueLength":0,"workRunningCount":0}
[debug] [2022-08-23T14:56:31.145Z] [work-queue] {"queueLength":1,"workRunningCount":0}
[debug] [2022-08-23T14:56:31.145Z] [work-queue] {"queueLength":0,"workRunningCount":1}
[debug] [2022-08-23T14:56:31.145Z] Accepted request GET /mealstogo-mrs/us-central1/geocode?city=jerusalem&mock=false --> us-central1-geocode
[debug] [2022-08-23T14:56:31.146Z] [worker-pool] submitWork(triggerId=us-central1-geocode) {"metadata":{"emulator":{"name":"functions"},"message":"[worker-pool] submitWork(triggerId=us-central1-geocode)"}}
[debug] [2022-08-23T14:56:31.146Z] [worker-us-central1-geocode-28d20719-84d8-4e72-a949-75ff99f2fb11]: BUSY {"metadata":{"emulator":{"name":"functions"},"message":"[worker-us-central1-geocode-28d20719-84d8-4e72-a949-75ff99f2fb11]: BUSY"}}
[debug] [2022-08-23T14:56:31.146Z] [runtime-status] [15168] Beginning invocation function geocode! {"metadata":{"emulator":{"name":"functions"},"function":{"name":"us-central1-geocode"},"extension":{},"message":"[runtime-status] [15168] Beginning invocation function geocode!"}}
[info] i  functions: Beginning execution of "geocode" {"metadata":{"emulator":{"name":"functions"},"function":{"name":"us-central1-geocode"},"extension":{},"message":"Beginning execution of \"geocode\""}}
[debug] [2022-08-23T14:56:31.148Z] [runtime-status] [15168] Running geocode in signature http {"metadata":{"emulator":{"name":"functions"},"function":{"name":"us-central1-geocode"},"extension":{},"message":"[runtime-status] [15168] Running geocode in signature http"}}
[debug] [2022-08-23T14:56:31.148Z] [runtime-status] [15168] Listening to port: \\?\pipe\fire_emu_b4bb9d4a1bfc5e1b {"metadata":{"emulator":{"name":"functions"},"function":{"name":"us-central1-geocode"},"extension":{},"message":"[runtime-status] [15168] Listening to port: \\\\?\\pipe\\fire_emu_b4bb9d4a1bfc5e1b"}}
[debug] [2022-08-23T14:56:31.262Z] [functions] Runtime ready! Sending request! {"metadata":{"emulator":{"name":"functions"},"message":"[functions] Runtime ready! Sending request!"}}
[debug] [2022-08-23T14:56:31.262Z] [functions] Got req.url=/mealstogo-mrs/us-central1/geocode?city=jerusalem&mock=false, mapping to path=/?city=jerusalem&mock=false {"metadata":{"emulator":{"name":"functions"},"message":"[functions] Got req.url=/mealstogo-mrs/us-central1/geocode?city=jerusalem&mock=false, mapping to path=/?city=jerusalem&mock=false"}}
[debug] [2022-08-23T14:56:31.264Z] [runtime-status] [15168] Ephemeral server handling GET request {"metadata":{"emulator":{"name":"functions"},"function":{"name":"us-central1-geocode"},"extension":{},"message":"[runtime-status] [15168] Ephemeral server handling GET request"}}
[debug] [2022-08-23T14:56:31.266Z] [runtime-status] [15168] Ephemeral server survived. {"metadata":{"emulator":{"name":"functions"},"function":{"name":"us-central1-geocode"},"extension":{},"message":"[runtime-status] [15168] Ephemeral server survived."}}
[info] i  functions: Finished "geocode" in ~1s {"metadata":{"emulator":{"name":"functions"},"function":{"name":"us-central1-geocode"},"extension":{},"message":"Finished \"geocode\" in ~1s"}}
[debug] [2022-08-23T14:56:31.581Z] [worker-us-central1-geocode-28d20719-84d8-4e72-a949-75ff99f2fb11]: IDLE {"metadata":{"emulator":{"name":"functions"},"message":"[worker-us-central1-geocode-28d20719-84d8-4e72-a949-75ff99f2fb11]: IDLE"}}
[debug] [2022-08-23T14:56:31.582Z] [work-queue] {"queueLength":0,"workRunningCount":0}
